<?xml version="1.1" encoding="UTF-8"?>
<testsuite name="org.gradle.sample.impl.PersonImplTest" tests="1" failures="0" errors="0" timestamp="2013-02-06T14:58:32" hostname="localhost" time="0.192">
  <properties/>
  <testcase name="testCanCreatePersonImpl" classname="org.gradle.sample.impl.PersonImplTest" time="0.192"/>
  <system-out><![CDATA[]]></system-out>
  <system-err><![CDATA[]]></system-err>
</testsuite>
